2025-04-07T22:46:11.974+08:00  INFO 8428 --- [JE20250404-spring-log-demo] [main] o.e.j.Je20250404SpringLogDemoApplication : Starting Je20250404SpringLogDemoApplication using Java 17 with PID 8428 (D:\Github\Java-EE\CodeJavaEE\JE20250404-spring-log\JE20250404-spring-log-demo\target\classes started by 姚东名 in D:\Github\Java-EE\CodeJavaEE\JE20250404-spring-log\JE20250404-spring-log-demo)
2025-04-07T22:46:11.976+08:00  INFO 8428 --- [JE20250404-spring-log-demo] [main] o.e.j.Je20250404SpringLogDemoApplication : No active profile set, falling back to 1 default profile: "default"
2025-04-07T22:46:12.493+08:00  INFO 8428 --- [JE20250404-spring-log-demo] [main] o.s.b.w.embedded.tomcat.TomcatWebServer  : Tomcat initialized with port 8080 (http)
2025-04-07T22:46:12.495+08:00  INFO 8428 --- [JE20250404-spring-log-demo] [main] o.a.catalina.core.AprLifecycleListener   : Loaded Apache Tomcat Native library [2.0.8] using APR version [1.7.4].
2025-04-07T22:46:12.497+08:00  INFO 8428 --- [JE20250404-spring-log-demo] [main] o.a.catalina.core.AprLifecycleListener   : OpenSSL successfully initialized [OpenSSL 3.0.14 4 Jun 2024]
2025-04-07T22:46:12.504+08:00  INFO 8428 --- [JE20250404-spring-log-demo] [main] o.apache.catalina.core.StandardService   : Starting service [Tomcat]
2025-04-07T22:46:12.505+08:00  INFO 8428 --- [JE20250404-spring-log-demo] [main] o.apache.catalina.core.StandardEngine    : Starting Servlet engine: [Apache Tomcat/10.1.39]
2025-04-07T22:46:12.532+08:00  INFO 8428 --- [JE20250404-spring-log-demo] [main] o.a.c.c.C.[Tomcat].[localhost].[/]       : Initializing Spring embedded WebApplicationContext
2025-04-07T22:46:12.532+08:00  INFO 8428 --- [JE20250404-spring-log-demo] [main] w.s.c.ServletWebServerApplicationContext : Root WebApplicationContext: initialization completed in 532 ms
2025-04-07T22:46:12.731+08:00  INFO 8428 --- [JE20250404-spring-log-demo] [main] o.s.b.w.embedded.tomcat.TomcatWebServer  : Tomcat started on port 8080 (http) with context path '/'
2025-04-07T22:46:12.736+08:00  INFO 8428 --- [JE20250404-spring-log-demo] [main] o.e.j.Je20250404SpringLogDemoApplication : Started Je20250404SpringLogDemoApplication in 1.053 seconds (process running for 1.604)
2025-04-07T22:48:38.636+08:00  INFO 8428 --- [JE20250404-spring-log-demo] [SpringApplicationShutdownHook] o.s.b.w.e.tomcat.GracefulShutdown        : Commencing graceful shutdown. Waiting for active requests to complete
2025-04-07T22:48:38.728+08:00  INFO 8428 --- [JE20250404-spring-log-demo] [tomcat-shutdown] o.s.b.w.e.tomcat.GracefulShutdown        : Graceful shutdown complete
2025-04-07T22:48:40.038+08:00  INFO 16188 --- [JE20250404-spring-log-demo] [main] o.e.j.Je20250404SpringLogDemoApplication : Starting Je20250404SpringLogDemoApplication using Java 17 with PID 16188 (D:\Github\Java-EE\CodeJavaEE\JE20250404-spring-log\JE20250404-spring-log-demo\target\classes started by 姚东名 in D:\Github\Java-EE\CodeJavaEE\JE20250404-spring-log\JE20250404-spring-log-demo)
2025-04-07T22:48:40.040+08:00  INFO 16188 --- [JE20250404-spring-log-demo] [main] o.e.j.Je20250404SpringLogDemoApplication : No active profile set, falling back to 1 default profile: "default"
2025-04-07T22:48:40.437+08:00  INFO 16188 --- [JE20250404-spring-log-demo] [main] o.s.b.w.embedded.tomcat.TomcatWebServer  : Tomcat initialized with port 8080 (http)
2025-04-07T22:48:40.439+08:00  INFO 16188 --- [JE20250404-spring-log-demo] [main] o.a.catalina.core.AprLifecycleListener   : Loaded Apache Tomcat Native library [2.0.8] using APR version [1.7.4].
2025-04-07T22:48:40.442+08:00  INFO 16188 --- [JE20250404-spring-log-demo] [main] o.a.catalina.core.AprLifecycleListener   : OpenSSL successfully initialized [OpenSSL 3.0.14 4 Jun 2024]
2025-04-07T22:48:40.449+08:00  INFO 16188 --- [JE20250404-spring-log-demo] [main] o.apache.catalina.core.StandardService   : Starting service [Tomcat]
2025-04-07T22:48:40.449+08:00  INFO 16188 --- [JE20250404-spring-log-demo] [main] o.apache.catalina.core.StandardEngine    : Starting Servlet engine: [Apache Tomcat/10.1.39]
2025-04-07T22:48:40.472+08:00  INFO 16188 --- [JE20250404-spring-log-demo] [main] o.a.c.c.C.[Tomcat].[localhost].[/]       : Initializing Spring embedded WebApplicationContext
2025-04-07T22:48:40.472+08:00  INFO 16188 --- [JE20250404-spring-log-demo] [main] w.s.c.ServletWebServerApplicationContext : Root WebApplicationContext: initialization completed in 410 ms
2025-04-07T22:48:40.654+08:00  INFO 16188 --- [JE20250404-spring-log-demo] [main] o.s.b.w.embedded.tomcat.TomcatWebServer  : Tomcat started on port 8080 (http) with context path '/'
2025-04-07T22:48:40.659+08:00  INFO 16188 --- [JE20250404-spring-log-demo] [main] o.e.j.Je20250404SpringLogDemoApplication : Started Je20250404SpringLogDemoApplication in 0.893 seconds (process running for 1.213)
2025-04-07T22:49:07.494+08:00  INFO 16188 --- [JE20250404-spring-log-demo] [http-nio-8080-exec-1] o.a.c.c.C.[Tomcat].[localhost].[/]       : Initializing Spring DispatcherServlet 'dispatcherServlet'
2025-04-07T22:49:07.495+08:00  INFO 16188 --- [JE20250404-spring-log-demo] [http-nio-8080-exec-1] o.s.web.servlet.DispatcherServlet        : Initializing Servlet 'dispatcherServlet'
2025-04-07T22:49:07.498+08:00  INFO 16188 --- [JE20250404-spring-log-demo] [http-nio-8080-exec-1] o.s.web.servlet.DispatcherServlet        : Completed initialization in 2 ms
2025-04-07T22:49:17.352+08:00  INFO 16188 --- [JE20250404-spring-log-demo] [http-nio-8080-exec-3] o.e.j.controller.LogController2          : logger debug~
2025-04-07T22:49:17.352+08:00  WARN 16188 --- [JE20250404-spring-log-demo] [http-nio-8080-exec-3] o.e.j.controller.LogController2          : logger debug~
2025-04-07T22:49:17.352+08:00 ERROR 16188 --- [JE20250404-spring-log-demo] [http-nio-8080-exec-3] o.e.j.controller.LogController2          : logger debug~
2025-04-07T23:00:01.169+08:00  INFO 16188 --- [JE20250404-spring-log-demo] [SpringApplicationShutdownHook] o.s.b.w.e.tomcat.GracefulShutdown        : Commencing graceful shutdown. Waiting for active requests to complete
2025-04-07T23:00:01.267+08:00  INFO 16188 --- [JE20250404-spring-log-demo] [tomcat-shutdown] o.s.b.w.e.tomcat.GracefulShutdown        : Graceful shutdown complete
2025-04-07T23:00:04.418+08:00  INFO 2916 --- [JE20250404-spring-log-demo] [main] o.e.j.Je20250404SpringLogDemoApplication : Starting Je20250404SpringLogDemoApplication using Java 17 with PID 2916 (D:\Github\Java-EE\CodeJavaEE\JE20250404-spring-log\JE20250404-spring-log-demo\target\classes started by 姚东名 in D:\Github\Java-EE\CodeJavaEE\JE20250404-spring-log\JE20250404-spring-log-demo)
2025-04-07T23:00:04.420+08:00  INFO 2916 --- [JE20250404-spring-log-demo] [main] o.e.j.Je20250404SpringLogDemoApplication : No active profile set, falling back to 1 default profile: "default"
2025-04-07T23:00:04.811+08:00  INFO 2916 --- [JE20250404-spring-log-demo] [main] o.s.b.w.embedded.tomcat.TomcatWebServer  : Tomcat initialized with port 8080 (http)
2025-04-07T23:00:04.813+08:00  INFO 2916 --- [JE20250404-spring-log-demo] [main] o.a.catalina.core.AprLifecycleListener   : Loaded Apache Tomcat Native library [2.0.8] using APR version [1.7.4].
2025-04-07T23:00:04.815+08:00  INFO 2916 --- [JE20250404-spring-log-demo] [main] o.a.catalina.core.AprLifecycleListener   : OpenSSL successfully initialized [OpenSSL 3.0.14 4 Jun 2024]
2025-04-07T23:00:04.822+08:00  INFO 2916 --- [JE20250404-spring-log-demo] [main] o.apache.catalina.core.StandardService   : Starting service [Tomcat]
2025-04-07T23:00:04.822+08:00  INFO 2916 --- [JE20250404-spring-log-demo] [main] o.apache.catalina.core.StandardEngine    : Starting Servlet engine: [Apache Tomcat/10.1.39]
2025-04-07T23:00:04.845+08:00  INFO 2916 --- [JE20250404-spring-log-demo] [main] o.a.c.c.C.[Tomcat].[localhost].[/]       : Initializing Spring embedded WebApplicationContext
2025-04-07T23:00:04.845+08:00  INFO 2916 --- [JE20250404-spring-log-demo] [main] w.s.c.ServletWebServerApplicationContext : Root WebApplicationContext: initialization completed in 404 ms
2025-04-07T23:00:05.030+08:00  INFO 2916 --- [JE20250404-spring-log-demo] [main] o.s.b.w.embedded.tomcat.TomcatWebServer  : Tomcat started on port 8080 (http) with context path '/'
2025-04-07T23:00:05.035+08:00  INFO 2916 --- [JE20250404-spring-log-demo] [main] o.e.j.Je20250404SpringLogDemoApplication : Started Je20250404SpringLogDemoApplication in 0.88 seconds (process running for 1.17)
2025-04-07T23:00:14.217+08:00  INFO 2916 --- [JE20250404-spring-log-demo] [http-nio-8080-exec-1] o.a.c.c.C.[Tomcat].[localhost].[/]       : Initializing Spring DispatcherServlet 'dispatcherServlet'
2025-04-07T23:00:14.218+08:00  INFO 2916 --- [JE20250404-spring-log-demo] [http-nio-8080-exec-1] o.s.web.servlet.DispatcherServlet        : Initializing Servlet 'dispatcherServlet'
2025-04-07T23:00:14.218+08:00  INFO 2916 --- [JE20250404-spring-log-demo] [http-nio-8080-exec-1] o.s.web.servlet.DispatcherServlet        : Completed initialization in 0 ms
2025-04-07T23:00:14.231+08:00  INFO 2916 --- [JE20250404-spring-log-demo] [http-nio-8080-exec-1] o.e.j.controller.LogController2          : logger info~
2025-04-07T23:00:14.231+08:00  WARN 2916 --- [JE20250404-spring-log-demo] [http-nio-8080-exec-1] o.e.j.controller.LogController2          : logger warn~
2025-04-07T23:00:14.231+08:00 ERROR 2916 --- [JE20250404-spring-log-demo] [http-nio-8080-exec-1] o.e.j.controller.LogController2          : logger error~
2025-04-07T23:00:14.676+08:00  INFO 2916 --- [JE20250404-spring-log-demo] [http-nio-8080-exec-5] o.e.j.controller.LogController2          : logger info~
2025-04-07T23:00:14.676+08:00  WARN 2916 --- [JE20250404-spring-log-demo] [http-nio-8080-exec-5] o.e.j.controller.LogController2          : logger warn~
2025-04-07T23:00:14.676+08:00 ERROR 2916 --- [JE20250404-spring-log-demo] [http-nio-8080-exec-5] o.e.j.controller.LogController2          : logger error~
2025-04-07T23:00:14.820+08:00  INFO 2916 --- [JE20250404-spring-log-demo] [http-nio-8080-exec-3] o.e.j.controller.LogController2          : logger info~
2025-04-07T23:00:14.821+08:00  WARN 2916 --- [JE20250404-spring-log-demo] [http-nio-8080-exec-3] o.e.j.controller.LogController2          : logger warn~
2025-04-07T23:00:14.821+08:00 ERROR 2916 --- [JE20250404-spring-log-demo] [http-nio-8080-exec-3] o.e.j.controller.LogController2          : logger error~
2025-04-07T23:00:14.963+08:00  INFO 2916 --- [JE20250404-spring-log-demo] [http-nio-8080-exec-4] o.e.j.controller.LogController2          : logger info~
2025-04-07T23:00:14.963+08:00  WARN 2916 --- [JE20250404-spring-log-demo] [http-nio-8080-exec-4] o.e.j.controller.LogController2          : logger warn~
2025-04-07T23:00:14.963+08:00 ERROR 2916 --- [JE20250404-spring-log-demo] [http-nio-8080-exec-4] o.e.j.controller.LogController2          : logger error~
2025-04-07T23:00:15.112+08:00  INFO 2916 --- [JE20250404-spring-log-demo] [http-nio-8080-exec-2] o.e.j.controller.LogController2          : logger info~
2025-04-07T23:00:15.113+08:00  WARN 2916 --- [JE20250404-spring-log-demo] [http-nio-8080-exec-2] o.e.j.controller.LogController2          : logger warn~
2025-04-07T23:00:15.113+08:00 ERROR 2916 --- [JE20250404-spring-log-demo] [http-nio-8080-exec-2] o.e.j.controller.LogController2          : logger error~
2025-04-07T23:00:15.269+08:00  INFO 2916 --- [JE20250404-spring-log-demo] [http-nio-8080-exec-6] o.e.j.controller.LogController2          : logger info~
2025-04-07T23:00:15.269+08:00  WARN 2916 --- [JE20250404-spring-log-demo] [http-nio-8080-exec-6] o.e.j.controller.LogController2          : logger warn~
2025-04-07T23:00:15.270+08:00 ERROR 2916 --- [JE20250404-spring-log-demo] [http-nio-8080-exec-6] o.e.j.controller.LogController2          : logger error~
2025-04-07T23:00:15.434+08:00  INFO 2916 --- [JE20250404-spring-log-demo] [http-nio-8080-exec-7] o.e.j.controller.LogController2          : logger info~
2025-04-07T23:00:15.434+08:00  WARN 2916 --- [JE20250404-spring-log-demo] [http-nio-8080-exec-7] o.e.j.controller.LogController2          : logger warn~
2025-04-07T23:00:15.435+08:00 ERROR 2916 --- [JE20250404-spring-log-demo] [http-nio-8080-exec-7] o.e.j.controller.LogController2          : logger error~
2025-04-07T23:01:01.286+08:00  INFO 2916 --- [JE20250404-spring-log-demo] [SpringApplicationShutdownHook] o.s.b.w.e.tomcat.GracefulShutdown        : Commencing graceful shutdown. Waiting for active requests to complete
2025-04-07T23:01:01.413+08:00  INFO 2916 --- [JE20250404-spring-log-demo] [tomcat-shutdown] o.s.b.w.e.tomcat.GracefulShutdown        : Graceful shutdown complete
