2025-05-08T20:51:25.942+08:00  INFO 17984 --- [spring-blog-demo] [main] o.e.s.SpringBlogDemoApplication          : Starting SpringBlogDemoApplication using Java 17 with PID 17984 (D:\Github\Java-EE\blog system\spring-blog-demo\target\classes started by 姚东名 in D:\Github\Java-EE\blog system\spring-blog-demo)
2025-05-08T20:51:25.946+08:00  INFO 17984 --- [spring-blog-demo] [main] o.e.s.SpringBlogDemoApplication          : No active profile set, falling back to 1 default profile: "default"
2025-05-08T20:51:26.588+08:00  INFO 17984 --- [spring-blog-demo] [main] o.s.b.w.embedded.tomcat.TomcatWebServer  : Tomcat initialized with port 8080 (http)
2025-05-08T20:51:26.591+08:00  INFO 17984 --- [spring-blog-demo] [main] o.a.catalina.core.AprLifecycleListener   : Loaded Apache Tomcat Native library [2.0.8] using APR version [1.7.4].
2025-05-08T20:51:26.606+08:00  INFO 17984 --- [spring-blog-demo] [main] o.a.catalina.core.AprLifecycleListener   : OpenSSL successfully initialized [OpenSSL 3.0.14 4 Jun 2024]
2025-05-08T20:51:26.612+08:00  INFO 17984 --- [spring-blog-demo] [main] o.apache.catalina.core.StandardService   : Starting service [Tomcat]
2025-05-08T20:51:26.613+08:00  INFO 17984 --- [spring-blog-demo] [main] o.apache.catalina.core.StandardEngine    : Starting Servlet engine: [Apache Tomcat/10.1.40]
2025-05-08T20:51:26.640+08:00  INFO 17984 --- [spring-blog-demo] [main] o.a.c.c.C.[Tomcat].[localhost].[/]       : Initializing Spring embedded WebApplicationContext
2025-05-08T20:51:26.640+08:00  INFO 17984 --- [spring-blog-demo] [main] w.s.c.ServletWebServerApplicationContext : Root WebApplicationContext: initialization completed in 669 ms
2025-05-08T20:51:27.065+08:00  INFO 17984 --- [spring-blog-demo] [main] o.s.b.w.embedded.tomcat.TomcatWebServer  : Tomcat started on port 8080 (http) with context path '/'
2025-05-08T20:51:27.070+08:00  INFO 17984 --- [spring-blog-demo] [main] o.e.s.SpringBlogDemoApplication          : Started SpringBlogDemoApplication in 1.431 seconds (process running for 1.886)
2025-05-08T20:51:32.912+08:00  INFO 17984 --- [spring-blog-demo] [http-nio-8080-exec-1] o.a.c.c.C.[Tomcat].[localhost].[/]       : Initializing Spring DispatcherServlet 'dispatcherServlet'
2025-05-08T20:51:32.912+08:00  INFO 17984 --- [spring-blog-demo] [http-nio-8080-exec-1] o.s.web.servlet.DispatcherServlet        : Initializing Servlet 'dispatcherServlet'
2025-05-08T20:51:32.913+08:00  INFO 17984 --- [spring-blog-demo] [http-nio-8080-exec-1] o.s.web.servlet.DispatcherServlet        : Completed initialization in 1 ms
2025-05-08T20:51:32.961+08:00  INFO 17984 --- [spring-blog-demo] [http-nio-8080-exec-1] o.e.s.controller.BlogController          : 获取博客详情，blogId:1
2025-05-08T20:51:33.021+08:00  INFO 17984 --- [spring-blog-demo] [http-nio-8080-exec-1] com.zaxxer.hikari.HikariDataSource       : HikariPool-1 - Starting...
2025-05-08T20:51:33.158+08:00  INFO 17984 --- [spring-blog-demo] [http-nio-8080-exec-1] com.zaxxer.hikari.pool.HikariPool        : HikariPool-1 - Added connection com.mysql.cj.jdbc.ConnectionImpl@445e4549
2025-05-08T20:51:33.159+08:00  INFO 17984 --- [spring-blog-demo] [http-nio-8080-exec-1] com.zaxxer.hikari.HikariDataSource       : HikariPool-1 - Start completed.
2025-05-08T20:56:50.251+08:00  INFO 17984 --- [spring-blog-demo] [http-nio-8080-exec-6] o.e.s.controller.BlogController          : 获取博客列表~
2025-05-08T20:57:26.636+08:00  INFO 17984 --- [spring-blog-demo] [http-nio-8080-exec-5] o.e.s.controller.UserController          : 用户登录，用户名：zhangsan
2025-05-08T21:10:49.145+08:00  INFO 17984 --- [spring-blog-demo] [SpringApplicationShutdownHook] o.s.b.w.e.tomcat.GracefulShutdown        : Commencing graceful shutdown. Waiting for active requests to complete
2025-05-08T21:10:49.248+08:00  INFO 17984 --- [spring-blog-demo] [tomcat-shutdown] o.s.b.w.e.tomcat.GracefulShutdown        : Graceful shutdown complete
2025-05-08T21:10:49.251+08:00  INFO 17984 --- [spring-blog-demo] [SpringApplicationShutdownHook] com.zaxxer.hikari.HikariDataSource       : HikariPool-1 - Shutdown initiated...
2025-05-08T21:10:49.254+08:00  INFO 17984 --- [spring-blog-demo] [SpringApplicationShutdownHook] com.zaxxer.hikari.HikariDataSource       : HikariPool-1 - Shutdown completed.
